<?xml version="1.0" encoding="UTF-8"?>
<!-- Generated by org.testng.reporters.JUnitXMLReporter -->
<testsuite ignored="0" hostname="DESKTOP-1EROBP6" failures="0" tests="4" name="Surefire test" time="0.814" errors="0" timestamp="2023-01-25T20:56:23 MEZ">
  <testcase classname="org.citrusframework.simulator.SimulatorWebServiceIT" name="testGoodByeRequest" time="0.579"/>
  <testcase classname="org.citrusframework.simulator.SimulatorWebServiceIT" name="testGoodNightRequest" time="0.119"/>
  <testcase classname="org.citrusframework.simulator.SimulatorWebServiceIT" name="testHelloRequest" time="0.056"/>
  <testcase classname="org.citrusframework.simulator.SimulatorWebServiceIT" name="testUnknownRequest" time="0.036"/>
</testsuite> <!-- Surefire test -->
