<?xml version="1.0" encoding="UTF-8"?>
<testsuite xmlns:xsi="http://www.w3.org/2001/XMLSchema-instance" xsi:noNamespaceSchemaLocation="https://maven.apache.org/surefire/maven-failsafe-plugin/xsd/failsafe-test-report.xsd" name="org.citrusframework.simulator.SimulatorWebServiceIT" time="1.908" tests="4" errors="0" skipped="0" failures="0">
  <properties>
[...]
</properties>
  <testcase name="testGoodByeRequest" classname="org.citrusframework.simulator.SimulatorWebServiceIT" time="0.581"/>
  <testcase name="testGoodNightRequest" classname="org.citrusframework.simulator.SimulatorWebServiceIT" time="0.119"/>
  <testcase name="testHelloRequest" classname="org.citrusframework.simulator.SimulatorWebServiceIT" time="0.057"/>
  <testcase name="testUnknownRequest" classname="org.citrusframework.simulator.SimulatorWebServiceIT" time="0.036"/>
</testsuite>